<?xml version="1.0" encoding="UTF-8"?>
<!-- Generated by org.testng.reporters.JUnitReportReporter -->
<testsuite skipped="1" hostname="IT2CE3R" name="com.unicorns.tests.register_scenarios.RegisterTestRunner" tests="1" failures="0" timestamp="2024-10-23T11:21:17 EET" time="0.000" errors="0">
  <testcase name="runScenario" time="0.000" classname="com.unicorns.tests.register_scenarios.RegisterTestRunner">
    <skipped/>
  </testcase> <!-- runScenario -->
  <system-out/>
</testsuite> <!-- com.unicorns.tests.register_scenarios.RegisterTestRunner -->
